[0m16:29:19.454331 [debug] [MainThread]: Sending event: {'category': 'dbt', 'action': 'invocation', 'label': 'start', 'context': [<snowplow_tracker.self_describing_json.SelfDescribingJson object at 0x0000011D878967B0>, <snowplow_tracker.self_describing_json.SelfDescribingJson object at 0x0000011D8464F390>, <snowplow_tracker.self_describing_json.SelfDescribingJson object at 0x0000011D89C8BED0>]}


============================== 16:29:19.458350 | dd42e7d2-c1f2-41f9-b5da-c04ad080b66a ==============================
[0m16:29:19.458350 [info ] [MainThread]: Running with dbt=1.11.12
[0m16:29:19.458953 [debug] [MainThread]: running dbt with arguments {'static_parser': 'True', 'no_print': 'None', 'version_check': 'True', 'warn_error_options': 'WarnErrorOptionsV2(error=[], warn=[], silence=[])', 'target_path': 'None', 'printer_width': '80', 'write_json': 'True', 'empty': 'None', 'log_cache_events': 'False', 'introspect': 'True', 'cache_selected_only': 'False', 'fail_fast': 'False', 'debug': 'False', 'log_format': 'default', 'profiles_dir': 'C:\\Users\\minhq\\.dbt', 'send_anonymous_usage_stats': 'True', 'quiet': 'False', 'warn_error': 'None', 'partial_parse': 'True', 'indirect_selection': 'eager', 'use_colors': 'True', 'invocation_command': 'dbt debug', 'use_experimental_parser': 'False', 'log_path': 'logs'}
[0m16:29:19.472149 [info ] [MainThread]: dbt version: 1.11.12
[0m16:29:19.472621 [info ] [MainThread]: python version: 3.13.7
[0m16:29:19.472913 [info ] [MainThread]: python path: C:\Users\minhq\Desktop\Proj\Music_Biometrics\.venv\Scripts\python.exe
[0m16:29:19.473211 [info ] [MainThread]: os info: Windows-11-10.0.26200-SP0
[0m16:29:19.477236 [info ] [MainThread]: Error importing adapter: No module named 'dbt.adapters.postgres'
[0m16:29:19.560715 [info ] [MainThread]: Using profiles dir at C:\Users\minhq\.dbt
[0m16:29:19.561187 [info ] [MainThread]: Using profiles.yml file at C:\Users\minhq\.dbt\profiles.yml
[0m16:29:19.561619 [info ] [MainThread]: Using dbt_project.yml file at C:\Users\minhq\Desktop\Proj\Music_Biometrics\dbt_project.yml
[0m16:29:19.561995 [info ] [MainThread]: Configuration:
[0m16:29:19.562372 [info ] [MainThread]:   profiles.yml file [[31mERROR invalid[0m]
[0m16:29:19.562654 [info ] [MainThread]:   dbt_project.yml file [[31mERROR not found[0m]
[0m16:29:19.562884 [info ] [MainThread]: Required dependencies:
[0m16:29:19.563142 [debug] [MainThread]: Executing "git --help"
[0m16:29:19.603905 [debug] [MainThread]: STDOUT: "b"usage: git [-v | --version] [-h | --help] [-C <path>] [-c <name>=<value>]\n           [--exec-path[=<path>]] [--html-path] [--man-path] [--info-path]\n           [-p | --paginate | -P | --no-pager] [--no-replace-objects] [--no-lazy-fetch]\n           [--no-optional-locks] [--no-advice] [--bare] [--git-dir=<path>]\n           [--work-tree=<path>] [--namespace=<name>] [--config-env=<name>=<envvar>]\n           <command> [<args>]\n\nThese are common Git commands used in various situations:\n\nstart a working area (see also: git help tutorial)\n   clone      Clone a repository into a new directory\n   init       Create an empty Git repository or reinitialize an existing one\n\nwork on the current change (see also: git help everyday)\n   add        Add file contents to the index\n   mv         Move or rename a file, a directory, or a symlink\n   restore    Restore working tree files\n   rm         Remove files from the working tree and from the index\n\nexamine the history and state (see also: git help revisions)\n   bisect     Use binary search to find the commit that introduced a bug\n   diff       Show changes between commits, commit and working tree, etc\n   grep       Print lines matching a pattern\n   log        Show commit logs\n   show       Show various types of objects\n   status     Show the working tree status\n\ngrow, mark and tweak your common history\n   backfill   Download missing objects in a partial clone\n   branch     List, create, or delete branches\n   commit     Record changes to the repository\n   history    EXPERIMENTAL: Rewrite history\n   merge      Join two or more development histories together\n   rebase     Reapply commits on top of another base tip\n   reset      Set `HEAD` or the index to a known state\n   switch     Switch branches\n   tag        Create, list, delete or verify tags\n\ncollaborate (see also: git help workflows)\n   fetch      Download objects and refs from another repository\n   pull       Fetch from and integrate with another repository or a local branch\n   push       Update remote refs along with associated objects\n\n'git help -a' and 'git help -g' list available subcommands and some\nconcept guides. See 'git help <command>' or 'git help <concept>'\nto read about a specific subcommand or concept.\nSee 'git help git' for an overview of the system.\n""
[0m16:29:19.604387 [debug] [MainThread]: STDERR: "b''"
[0m16:29:19.604739 [info ] [MainThread]:  - git [[32mOK found[0m]

[0m16:29:19.605047 [info ] [MainThread]: Connection test skipped since no profile was found
[0m16:29:19.605460 [info ] [MainThread]: [31m2 checks failed:[0m
[0m16:29:19.605910 [info ] [MainThread]: Could not load dbt_project.yml
Profile loading failed for the following reason:
Runtime Error
  Credentials in profile "transform", target "dev" invalid: Runtime Error
    Could not find adapter type postgres!


[0m16:29:19.606250 [info ] [MainThread]: Project loading failed for the following reason:
 project path <C:\Users\minhq\Desktop\Proj\Music_Biometrics\dbt_project.yml> not found

[0m16:29:19.607407 [debug] [MainThread]: Command `dbt debug` failed at 16:29:19.607267 after 0.27 seconds
[0m16:29:19.607796 [debug] [MainThread]: Sending event: {'category': 'dbt', 'action': 'invocation', 'label': 'end', 'context': [<snowplow_tracker.self_describing_json.SelfDescribingJson object at 0x0000011D89D97A80>, <snowplow_tracker.self_describing_json.SelfDescribingJson object at 0x0000011D89E88710>, <snowplow_tracker.self_describing_json.SelfDescribingJson object at 0x0000011D89D9C8D0>]}
[0m16:29:19.608174 [debug] [MainThread]: Flushing usage events
[0m16:29:20.911694 [debug] [MainThread]: An error was encountered while trying to flush usage events
